        -:    0:Source:dominion.c
        -:    0:Graph:dominion.gcno
        -:    0:Data:dominion.gcda
        -:    0:Runs:3
        -:    0:Programs:3
        -:    1:#include "dominion.h"
        -:    2:#include "dominion_helpers.h"
        -:    3:#include "rngs.h"
        -:    4:#include <stdio.h>
        -:    5:#include <math.h>
        -:    6:#include <stdlib.h>
        -:    7:
function compare called 11111040 returned 100% blocks executed 83%
 11111040:    8:int compare(const void* a, const void* b) {
 11111040:    9:  if (*(int*)a > *(int*)b)
branch  0 taken 0% (fallthrough)
branch  1 taken 100%
    #####:   10:    return 1;
 11111040:   11:  if (*(int*)a < *(int*)b)
branch  0 taken 27% (fallthrough)
branch  1 taken 73%
  2962944:   12:    return -1;
  8148096:   13:  return 0;
        -:   14:}
        -:   15:
function newGame called 0 returned 0% blocks executed 0%
    #####:   16:struct gameState* newGame() {
    #####:   17:  struct gameState* g = malloc(sizeof(struct gameState));
    #####:   18:  return g;
        -:   19:}
        -:   20:
function kingdomCards called 0 returned 0% blocks executed 0%
    #####:   21:int* kingdomCards(int k1, int k2, int k3, int k4, int k5, int k6, int k7,
        -:   22:		  int k8, int k9, int k10) {
    #####:   23:  int* k = malloc(10 * sizeof(int));
    #####:   24:  k[0] = k1;
    #####:   25:  k[1] = k2;
    #####:   26:  k[2] = k3;
    #####:   27:  k[3] = k4;
    #####:   28:  k[4] = k5;
    #####:   29:  k[5] = k6;
    #####:   30:  k[6] = k7;
    #####:   31:  k[7] = k8;
    #####:   32:  k[8] = k9;
    #####:   33:  k[9] = k10;
    #####:   34:  return k;
        -:   35:}
        -:   36:
function initializeGame called 370368 returned 100% blocks executed 83%
   370368:   37:int initializeGame(int numPlayers, int kingdomCards[10], int randomSeed,
        -:   38:		   struct gameState *state) {
        -:   39:
        -:   40:  int i;
        -:   41:  int j;
        -:   42:  int it;			
        -:   43:  //set up random number generator
   370368:   44:  SelectStream(1);
call    0 returned 100%
   370368:   45:  PutSeed((long)randomSeed);
call    0 returned 100%
        -:   46:  
        -:   47:  //check number of players
   370368:   48:  if (numPlayers > MAX_PLAYERS || numPlayers < 2)
branch  0 taken 100% (fallthrough)
branch  1 taken 0%
branch  2 taken 0% (fallthrough)
branch  3 taken 100%
        -:   49:    {
    #####:   50:      return -1;
        -:   51:    }
        -:   52:
        -:   53:  //set number of players
   370368:   54:  state->numPlayers = numPlayers;
        -:   55:
        -:   56:  //check selected kingdom cards are different
  4074048:   57:  for (i = 0; i < 10; i++)
branch  0 taken 91%
branch  1 taken 9% (fallthrough)
        -:   58:    {
 40740480:   59:      for (j = 0; j < 10; j++)
branch  0 taken 91%
branch  1 taken 9% (fallthrough)
        -:   60:        {
 37036800:   61:	  if (j != i && kingdomCards[j] == kingdomCards[i])
branch  0 taken 90% (fallthrough)
branch  1 taken 10%
branch  2 taken 0% (fallthrough)
branch  3 taken 100%
        -:   62:	    {
    #####:   63:	      return -1;
        -:   64:	    }
        -:   65:        }
        -:   66:    }
        -:   67:
        -:   68:
        -:   69:  //initialize supply
        -:   70:  ///////////////////////////////
        -:   71:
        -:   72:  //set number of Curse cards
   370368:   73:  if (numPlayers == 2)
branch  0 taken 100% (fallthrough)
branch  1 taken 0%
        -:   74:    {
   370368:   75:      state->supplyCount[curse] = 10;
        -:   76:    }
    #####:   77:  else if (numPlayers == 3)
branch  0 never executed
branch  1 never executed
        -:   78:    {
    #####:   79:      state->supplyCount[curse] = 20;
        -:   80:    }
        -:   81:  else
        -:   82:    {
    #####:   83:      state->supplyCount[curse] = 30;
        -:   84:    }
        -:   85:
        -:   86:  //set number of Victory cards
   370368:   87:  if (numPlayers == 2)
branch  0 taken 100% (fallthrough)
branch  1 taken 0%
        -:   88:    {
   370368:   89:      state->supplyCount[estate] = 8;
   370368:   90:      state->supplyCount[duchy] = 8;
   370368:   91:      state->supplyCount[province] = 8;
        -:   92:    }
        -:   93:  else
        -:   94:    {
    #####:   95:      state->supplyCount[estate] = 12;
    #####:   96:      state->supplyCount[duchy] = 12;
    #####:   97:      state->supplyCount[province] = 12;
        -:   98:    }
        -:   99:
        -:  100:  //set number of Treasure cards
   370368:  101:  state->supplyCount[copper] = 60 - (7 * numPlayers);
   370368:  102:  state->supplyCount[silver] = 40;
   370368:  103:  state->supplyCount[gold] = 30;
        -:  104:
        -:  105:  //set number of Kingdom cards
  7777728:  106:  for (i = adventurer; i <= treasure_map; i++)       	//loop all cards
branch  0 taken 95%
branch  1 taken 5% (fallthrough)
        -:  107:    {
 61110720:  108:      for (j = 0; j < 10; j++)           		//loop chosen cards
branch  0 taken 94%
branch  1 taken 6% (fallthrough)
        -:  109:	{
 57407040:  110:	  if (kingdomCards[j] == i)
branch  0 taken 6% (fallthrough)
branch  1 taken 94%
        -:  111:	    {
        -:  112:	      //check if card is a 'Victory' Kingdom card
  3703680:  113:	      if (kingdomCards[j] == great_hall || kingdomCards[j] == gardens)
branch  0 taken 100% (fallthrough)
branch  1 taken 0%
branch  2 taken 0% (fallthrough)
branch  3 taken 100%
        -:  114:		{
    #####:  115:		  if (numPlayers == 2){ 
branch  0 never executed
branch  1 never executed
    #####:  116:		    state->supplyCount[i] = 8; 
        -:  117:		  }
    #####:  118:		  else{ state->supplyCount[i] = 12; }
        -:  119:		}
        -:  120:	      else
        -:  121:		{
  3703680:  122:		  state->supplyCount[i] = 10;
        -:  123:		}
  3703680:  124:	      break;
        -:  125:	    }
        -:  126:	  else    //card is not in the set choosen for the game
        -:  127:	    {
 53703360:  128:	      state->supplyCount[i] = -1;
        -:  129:	    }
        -:  130:	}
        -:  131:
        -:  132:    }
        -:  133:
        -:  134:  ////////////////////////
        -:  135:  //supply intilization complete
        -:  136:
        -:  137:  //set player decks
  1111104:  138:  for (i = 0; i < numPlayers; i++)
branch  0 taken 67%
branch  1 taken 33% (fallthrough)
        -:  139:    {
   740736:  140:      state->deckCount[i] = 0;
  2962944:  141:      for (j = 0; j < 3; j++)
branch  0 taken 75%
branch  1 taken 25% (fallthrough)
        -:  142:	{
  2222208:  143:	  state->deck[i][j] = estate;
  2222208:  144:	  state->deckCount[i]++;
        -:  145:	}
  5925888:  146:      for (j = 3; j < 10; j++)
branch  0 taken 88%
branch  1 taken 13% (fallthrough)
        -:  147:	{
  5185152:  148:	  state->deck[i][j] = copper;
  5185152:  149:	  state->deckCount[i]++;		
        -:  150:	}
        -:  151:    }
        -:  152:
        -:  153:  //shuffle player decks
  1111104:  154:  for (i = 0; i < numPlayers; i++)
branch  0 taken 67%
branch  1 taken 33% (fallthrough)
        -:  155:    {
   740736:  156:      if ( shuffle(i, state) < 0 )
call    0 returned 100%
branch  1 taken 0% (fallthrough)
branch  2 taken 100%
        -:  157:	{
    #####:  158:	  return -1;
        -:  159:	}
        -:  160:    }
        -:  161:
        -:  162:  //draw player hands
  1111104:  163:  for (i = 0; i < numPlayers; i++)
branch  0 taken 67%
branch  1 taken 33% (fallthrough)
        -:  164:    {  
        -:  165:      //initialize hand size to zero
   740736:  166:      state->handCount[i] = 0;
   740736:  167:      state->discardCount[i] = 0;
        -:  168:      //draw 5 cards
        -:  169:      // for (j = 0; j < 5; j++)
        -:  170:      //	{
        -:  171:      //	  drawCard(i, state);
        -:  172:      //	}
        -:  173:    }
        -:  174:  
        -:  175:  //set embargo tokens to 0 for all supply piles
 10370304:  176:  for (i = 0; i <= treasure_map; i++)
branch  0 taken 96%
branch  1 taken 4% (fallthrough)
        -:  177:    {
  9999936:  178:      state->embargoTokens[i] = 0;
        -:  179:    }
        -:  180:
        -:  181:  //initialize first player's turn
   370368:  182:  state->outpostPlayed = 0;
   370368:  183:  state->phase = 0;
   370368:  184:  state->numActions = 1;
   370368:  185:  state->numBuys = 1;
   370368:  186:  state->playedCardCount = 0;
   370368:  187:  state->whoseTurn = 0;
   370368:  188:  state->handCount[state->whoseTurn] = 0;
        -:  189:  //int it; move to top
        -:  190:
        -:  191:  //Moved draw cards to here, only drawing at the start of a turn
  2222208:  192:  for (it = 0; it < 5; it++){
branch  0 taken 83%
branch  1 taken 17% (fallthrough)
  1851840:  193:    drawCard(state->whoseTurn, state);
call    0 returned 100%
        -:  194:  }
        -:  195:
   370368:  196:  updateCoins(state->whoseTurn, state, 0);
call    0 returned 100%
        -:  197:
   370368:  198:  return 0;
        -:  199:}
        -:  200:
function shuffle called 814229 returned 100% blocks executed 100%
   814229:  201:int shuffle(int player, struct gameState *state) {
        -:  202: 
        -:  203:
        -:  204:  int newDeck[MAX_DECK];
   814229:  205:  int newDeckPos = 0;
        -:  206:  int card;
        -:  207:  int i;
        -:  208:
   814229:  209:  if (state->deckCount[player] < 1)
branch  0 taken 9% (fallthrough)
branch  1 taken 91%
    73493:  210:    return -1;
   740736:  211:  qsort ((void*)(state->deck[player]), state->deckCount[player], sizeof(int), compare); 
call    0 returned 100%
        -:  212:  /* SORT CARDS IN DECK TO ENSURE DETERMINISM! */
        -:  213:
  8888832:  214:  while (state->deckCount[player] > 0) {
branch  0 taken 91%
branch  1 taken 9% (fallthrough)
  7407360:  215:    card = floor(Random() * state->deckCount[player]);
call    0 returned 100%
  7407360:  216:    newDeck[newDeckPos] = state->deck[player][card];
  7407360:  217:    newDeckPos++;
 25925760:  218:    for (i = card; i < state->deckCount[player]-1; i++) {
branch  0 taken 71%
branch  1 taken 29% (fallthrough)
 18518400:  219:      state->deck[player][i] = state->deck[player][i+1];
        -:  220:    }
  7407360:  221:    state->deckCount[player]--;
        -:  222:  }
  8148096:  223:  for (i = 0; i < newDeckPos; i++) {
branch  0 taken 91%
branch  1 taken 9% (fallthrough)
  7407360:  224:    state->deck[player][i] = newDeck[i];
  7407360:  225:    state->deckCount[player]++;
        -:  226:  }
        -:  227:
   740736:  228:  return 0;
        -:  229:}
        -:  230:
function playCard called 0 returned 0% blocks executed 0%
    #####:  231:int playCard(int handPos, int choice1, int choice2, int choice3, struct gameState *state) 
        -:  232:{	
        -:  233:  int card;
    #####:  234:  int coin_bonus = 0; 		//tracks coins gain from actions
        -:  235:
        -:  236:  //check if it is the right phase
    #####:  237:  if (state->phase != 0)
branch  0 never executed
branch  1 never executed
        -:  238:    {
    #####:  239:      return -1;
        -:  240:    }
        -:  241:	
        -:  242:  //check if player has enough actions
    #####:  243:  if ( state->numActions < 1 )
branch  0 never executed
branch  1 never executed
        -:  244:    {
    #####:  245:      return -1;
        -:  246:    }
        -:  247:	
        -:  248:  //get card played
    #####:  249:  card = handCard(handPos, state);
call    0 never executed
        -:  250:	
        -:  251:  //check if selected card is an action
    #####:  252:  if ( card < adventurer || card > treasure_map )
branch  0 never executed
branch  1 never executed
branch  2 never executed
branch  3 never executed
        -:  253:    {
    #####:  254:      return -1;
        -:  255:    }
        -:  256:	
        -:  257:  //play card
    #####:  258:  if ( cardEffect(card, choice1, choice2, choice3, state, handPos, &coin_bonus) < 0 )
call    0 never executed
branch  1 never executed
branch  2 never executed
        -:  259:    {
    #####:  260:      return -1;
        -:  261:    }
        -:  262:	
        -:  263:  //reduce number of actions
    #####:  264:  state->numActions--;
        -:  265:
        -:  266:  //update coins (Treasure cards may be added with card draws)
    #####:  267:  updateCoins(state->whoseTurn, state, coin_bonus);
call    0 never executed
        -:  268:	
    #####:  269:  return 0;
        -:  270:}
        -:  271:
function buyCard called 0 returned 0% blocks executed 0%
    #####:  272:int buyCard(int supplyPos, struct gameState *state) {
        -:  273:  int who;
        -:  274:  if (DEBUG){
        -:  275:    printf("Entering buyCard...\n");
        -:  276:  }
        -:  277:
        -:  278:  // I don't know what to do about the phase thing.
        -:  279:
    #####:  280:  who = state->whoseTurn;
        -:  281:
    #####:  282:  if (state->numBuys < 1){
branch  0 never executed
branch  1 never executed
        -:  283:    if (DEBUG)
        -:  284:      printf("You do not have any buys left\n");
    #####:  285:    return -1;
    #####:  286:  } else if (supplyCount(supplyPos, state) <1){
call    0 never executed
branch  1 never executed
branch  2 never executed
        -:  287:    if (DEBUG)
        -:  288:      printf("There are not any of that type of card left\n");
    #####:  289:    return -1;
    #####:  290:  } else if (state->coins < getCost(supplyPos)){
call    0 never executed
branch  1 never executed
branch  2 never executed
        -:  291:    if (DEBUG) 
        -:  292:      printf("You do not have enough money to buy that. You have %d coins.\n", state->coins);
    #####:  293:    return -1;
        -:  294:  } else {
    #####:  295:    state->phase=1;
        -:  296:    //state->supplyCount[supplyPos]--;
    #####:  297:    gainCard(supplyPos, state, 0, who); //card goes in discard, this might be wrong.. (2 means goes into hand, 0 goes into discard)
call    0 never executed
        -:  298:  
    #####:  299:    state->coins = (state->coins) - (getCost(supplyPos));
call    0 never executed
    #####:  300:    state->numBuys--;
        -:  301:    if (DEBUG)
        -:  302:      printf("You bought card number %d for %d coins. You now have %d buys and %d coins.\n", supplyPos, getCost(supplyPos), state->numBuys, state->coins);
        -:  303:  }
        -:  304:
        -:  305:  //state->discard[who][state->discardCount[who]] = supplyPos;
        -:  306:  //state->discardCount[who]++;
        -:  307:    
    #####:  308:  return 0;
        -:  309:}
        -:  310:
function numHandCards called 0 returned 0% blocks executed 0%
    #####:  311:int numHandCards(struct gameState *state) {
    #####:  312:  return state->handCount[ whoseTurn(state) ];
call    0 never executed
        -:  313:}
        -:  314:
function handCard called 0 returned 0% blocks executed 0%
    #####:  315:int handCard(int handPos, struct gameState *state) {
    #####:  316:  int currentPlayer = whoseTurn(state);
call    0 never executed
    #####:  317:  return state->hand[currentPlayer][handPos];
        -:  318:}
        -:  319:
function supplyCount called 370368 returned 100% blocks executed 100%
   370368:  320:int supplyCount(int card, struct gameState *state) {
   370368:  321:  return state->supplyCount[card];
        -:  322:}
        -:  323:
function fullDeckCount called 0 returned 0% blocks executed 0%
    #####:  324:int fullDeckCount(int player, int card, struct gameState *state) {
        -:  325:  int i;
    #####:  326:  int count = 0;
        -:  327:
    #####:  328:  for (i = 0; i < state->deckCount[player]; i++)
branch  0 never executed
branch  1 never executed
        -:  329:    {
    #####:  330:      if (state->deck[player][i] == card) count++;
branch  0 never executed
branch  1 never executed
        -:  331:    }
        -:  332:
    #####:  333:  for (i = 0; i < state->handCount[player]; i++)
branch  0 never executed
branch  1 never executed
        -:  334:    {
    #####:  335:      if (state->hand[player][i] == card) count++;
branch  0 never executed
branch  1 never executed
        -:  336:    }
        -:  337:
    #####:  338:  for (i = 0; i < state->discardCount[player]; i++)
branch  0 never executed
branch  1 never executed
        -:  339:    {
    #####:  340:      if (state->discard[player][i] == card) count++;
branch  0 never executed
branch  1 never executed
        -:  341:    }
        -:  342:
    #####:  343:  return count;
        -:  344:}
        -:  345:
function whoseTurn called 864192 returned 100% blocks executed 100%
   864192:  346:int whoseTurn(struct gameState *state) {
   864192:  347:  return state->whoseTurn;
        -:  348:}
        -:  349:
function endTurn called 0 returned 0% blocks executed 0%
    #####:  350:int endTurn(struct gameState *state) {
        -:  351:  int k;
        -:  352:  int i;
    #####:  353:  int currentPlayer = whoseTurn(state);
call    0 never executed
        -:  354:  
        -:  355:  //Discard hand
    #####:  356:  for (i = 0; i < state->handCount[currentPlayer]; i++){
branch  0 never executed
branch  1 never executed
    #####:  357:    state->discard[currentPlayer][state->discardCount[currentPlayer]++] = state->hand[currentPlayer][i];//Discard
    #####:  358:    state->hand[currentPlayer][i] = -1;//Set card to -1
        -:  359:  }
    #####:  360:  state->handCount[currentPlayer] = 0;//Reset hand count
        -:  361:    
        -:  362:  //Code for determining the player
    #####:  363:  if (currentPlayer < (state->numPlayers - 1)){ 
branch  0 never executed
branch  1 never executed
    #####:  364:    state->whoseTurn = currentPlayer + 1;//Still safe to increment
        -:  365:  }
        -:  366:  else{
    #####:  367:    state->whoseTurn = 0;//Max player has been reached, loop back around to player 1
        -:  368:  }
        -:  369:
    #####:  370:  state->outpostPlayed = 0;
    #####:  371:  state->phase = 0;
    #####:  372:  state->numActions = 1;
    #####:  373:  state->coins = 0;
    #####:  374:  state->numBuys = 1;
    #####:  375:  state->playedCardCount = 0;
    #####:  376:  state->handCount[state->whoseTurn] = 0;
        -:  377:
        -:  378:  //int k; move to top
        -:  379:  //Next player draws hand
    #####:  380:  for (k = 0; k < 5; k++){
branch  0 never executed
branch  1 never executed
    #####:  381:    drawCard(state->whoseTurn, state);//Draw a card
call    0 never executed
        -:  382:  }
        -:  383:
        -:  384:  //Update money
    #####:  385:  updateCoins(state->whoseTurn, state , 0);
call    0 never executed
        -:  386:
    #####:  387:  return 0;
        -:  388:}
        -:  389:
function isGameOver called 0 returned 0% blocks executed 0%
    #####:  390:int isGameOver(struct gameState *state) {
        -:  391:  int i;
        -:  392:  int j;
        -:  393:	
        -:  394:  //if stack of Province cards is empty, the game ends
    #####:  395:  if (state->supplyCount[province] == 0)
branch  0 never executed
branch  1 never executed
        -:  396:    {
    #####:  397:      return 1;
        -:  398:    }
        -:  399:
        -:  400:  //if three supply pile are at 0, the game ends
    #####:  401:  j = 0;
    #####:  402:  for (i = 0; i < 25; i++)
branch  0 never executed
branch  1 never executed
        -:  403:    {
    #####:  404:      if (state->supplyCount[i] == 0)
branch  0 never executed
branch  1 never executed
        -:  405:	{
    #####:  406:	  j++;
        -:  407:	}
        -:  408:    }
    #####:  409:  if ( j >= 3)
branch  0 never executed
branch  1 never executed
        -:  410:    {
    #####:  411:      return 1;
        -:  412:    }
        -:  413:
    #####:  414:  return 0;
        -:  415:}
        -:  416:
function scoreFor called 0 returned 0% blocks executed 0%
    #####:  417:int scoreFor (int player, struct gameState *state) {
        -:  418:
        -:  419:  int i;
    #####:  420:  int score = 0;
        -:  421:  //score from hand
    #####:  422:  for (i = 0; i < state->handCount[player]; i++)
branch  0 never executed
branch  1 never executed
        -:  423:    {
    #####:  424:      if (state->hand[player][i] == curse) { score = score - 1; };
branch  0 never executed
branch  1 never executed
    #####:  425:      if (state->hand[player][i] == estate) { score = score + 1; };
branch  0 never executed
branch  1 never executed
    #####:  426:      if (state->hand[player][i] == duchy) { score = score + 3; };
branch  0 never executed
branch  1 never executed
    #####:  427:      if (state->hand[player][i] == province) { score = score + 6; };
branch  0 never executed
branch  1 never executed
    #####:  428:      if (state->hand[player][i] == great_hall) { score = score + 1; };
branch  0 never executed
branch  1 never executed
    #####:  429:      if (state->hand[player][i] == gardens) { score = score + ( fullDeckCount(player, 0, state) / 10 ); };
branch  0 never executed
branch  1 never executed
call    2 never executed
        -:  430:    }
        -:  431:
        -:  432:  //score from discard
    #####:  433:  for (i = 0; i < state->discardCount[player]; i++)
branch  0 never executed
branch  1 never executed
        -:  434:    {
    #####:  435:      if (state->discard[player][i] == curse) { score = score - 1; };
branch  0 never executed
branch  1 never executed
    #####:  436:      if (state->discard[player][i] == estate) { score = score + 1; };
branch  0 never executed
branch  1 never executed
    #####:  437:      if (state->discard[player][i] == duchy) { score = score + 3; };
branch  0 never executed
branch  1 never executed
    #####:  438:      if (state->discard[player][i] == province) { score = score + 6; };
branch  0 never executed
branch  1 never executed
    #####:  439:      if (state->discard[player][i] == great_hall) { score = score + 1; };
branch  0 never executed
branch  1 never executed
    #####:  440:      if (state->discard[player][i] == gardens) { score = score + ( fullDeckCount(player, 0, state) / 10 ); };
branch  0 never executed
branch  1 never executed
call    2 never executed
        -:  441:    }
        -:  442:
        -:  443:  //score from deck
    #####:  444:  for (i = 0; i < state->discardCount[player]; i++)
branch  0 never executed
branch  1 never executed
        -:  445:    {
    #####:  446:      if (state->deck[player][i] == curse) { score = score - 1; };
branch  0 never executed
branch  1 never executed
    #####:  447:      if (state->deck[player][i] == estate) { score = score + 1; };
branch  0 never executed
branch  1 never executed
    #####:  448:      if (state->deck[player][i] == duchy) { score = score + 3; };
branch  0 never executed
branch  1 never executed
    #####:  449:      if (state->deck[player][i] == province) { score = score + 6; };
branch  0 never executed
branch  1 never executed
    #####:  450:      if (state->deck[player][i] == great_hall) { score = score + 1; };
branch  0 never executed
branch  1 never executed
    #####:  451:      if (state->deck[player][i] == gardens) { score = score + ( fullDeckCount(player, 0, state) / 10 ); };
branch  0 never executed
branch  1 never executed
call    2 never executed
        -:  452:    }
        -:  453:
    #####:  454:  return score;
        -:  455:}
        -:  456:
function getWinners called 0 returned 0% blocks executed 0%
    #####:  457:int getWinners(int players[MAX_PLAYERS], struct gameState *state) {
        -:  458:  int i;	
        -:  459:  int j;
        -:  460:  int highScore;
        -:  461:  int currentPlayer;
        -:  462:
        -:  463:  //get score for each player
    #####:  464:  for (i = 0; i < MAX_PLAYERS; i++)
branch  0 never executed
branch  1 never executed
        -:  465:    {
        -:  466:      //set unused player scores to -9999
    #####:  467:      if (i >= state->numPlayers)
branch  0 never executed
branch  1 never executed
        -:  468:	{
    #####:  469:	  players[i] = -9999;
        -:  470:	}
        -:  471:      else
        -:  472:	{
    #####:  473:	  players[i] = scoreFor (i, state);
call    0 never executed
        -:  474:	}
        -:  475:    }
        -:  476:
        -:  477:  //find highest score
    #####:  478:  j = 0;
    #####:  479:  for (i = 0; i < MAX_PLAYERS; i++)
branch  0 never executed
branch  1 never executed
        -:  480:    {
    #####:  481:      if (players[i] > players[j])
branch  0 never executed
branch  1 never executed
        -:  482:	{
    #####:  483:	  j = i;
        -:  484:	}
        -:  485:    }
    #####:  486:  highScore = players[j];
        -:  487:
        -:  488:  //add 1 to players who had less turns
    #####:  489:  currentPlayer = whoseTurn(state);
call    0 never executed
    #####:  490:  for (i = 0; i < MAX_PLAYERS; i++)
branch  0 never executed
branch  1 never executed
        -:  491:    {
    #####:  492:      if ( players[i] == highScore && i > currentPlayer )
branch  0 never executed
branch  1 never executed
branch  2 never executed
branch  3 never executed
        -:  493:	{
    #####:  494:	  players[i]++;
        -:  495:	}
        -:  496:    }
        -:  497:
        -:  498:  //find new highest score
    #####:  499:  j = 0;
    #####:  500:  for (i = 0; i < MAX_PLAYERS; i++)
branch  0 never executed
branch  1 never executed
        -:  501:    {
    #####:  502:      if ( players[i] > players[j] )
branch  0 never executed
branch  1 never executed
        -:  503:	{
    #####:  504:	  j = i;
        -:  505:	}
        -:  506:    }
    #####:  507:  highScore = players[j];
        -:  508:
        -:  509:  //set winners in array to 1 and rest to 0
    #####:  510:  for (i = 0; i < MAX_PLAYERS; i++)
branch  0 never executed
branch  1 never executed
        -:  511:    {
    #####:  512:      if ( players[i] == highScore )
branch  0 never executed
branch  1 never executed
        -:  513:	{
    #####:  514:	  players[i] = 1;
        -:  515:	}
        -:  516:      else
        -:  517:	{
    #####:  518:	  players[i] = 0;
        -:  519:	}
        -:  520:    }
        -:  521:
    #####:  522:  return 0;
        -:  523:}
        -:  524:
function drawCard called 4553783 returned 100% blocks executed 85%
  4553783:  525:int drawCard(int player, struct gameState *state)
        -:  526:{	int count;
        -:  527:  int deckCounter;
  4553783:  528:  if (state->deckCount[player] <= 0){//Deck is empty
branch  0 taken 1% (fallthrough)
branch  1 taken 99%
        -:  529:    
        -:  530:    //Step 1 Shuffle the discard pile back into a deck
        -:  531:    int i;
        -:  532:    //Move discard to deck
    52671:  533:    for (i = 0; i < state->discardCount[player];i++){
branch  0 taken 0%
branch  1 taken 100% (fallthrough)
    #####:  534:      state->deck[player][i] = state->discard[player][i];
    #####:  535:      state->discard[player][i] = -1;
        -:  536:    }
        -:  537:
    52671:  538:    state->deckCount[player] = state->discardCount[player];
    52671:  539:    state->discardCount[player] = 0;//Reset discard
        -:  540:
        -:  541:    //Shufffle the deck
    52671:  542:    shuffle(player, state);//Shuffle the deck up and make it so that we can draw
call    0 returned 100%
        -:  543:   
        -:  544:    if (DEBUG){//Debug statements
        -:  545:      printf("Deck count now: %d\n", state->deckCount[player]);
        -:  546:    }
        -:  547:    
    52671:  548:    state->discardCount[player] = 0;
        -:  549:
        -:  550:    //Step 2 Draw Card
    52671:  551:    count = state->handCount[player];//Get current player's hand count
        -:  552:    
        -:  553:    if (DEBUG){//Debug statements
        -:  554:      printf("Current hand count: %d\n", count);
        -:  555:    }
        -:  556:    
    52671:  557:    deckCounter = state->deckCount[player];//Create a holder for the deck count
        -:  558:
    52671:  559:    if (deckCounter == 0)
branch  0 taken 100% (fallthrough)
branch  1 taken 0%
    52671:  560:      return -1;
        -:  561:
    #####:  562:    state->hand[player][count] = state->deck[player][deckCounter - 1];//Add card to hand
    #####:  563:    state->deckCount[player]--;
    #####:  564:    state->handCount[player]++;//Increment hand count
        -:  565:  }
        -:  566:
        -:  567:  else{
  4501112:  568:    int count = state->handCount[player];//Get current hand count for player
        -:  569:    int deckCounter;
        -:  570:    if (DEBUG){//Debug statements
        -:  571:      printf("Current hand count: %d\n", count);
        -:  572:    }
        -:  573:
  4501112:  574:    deckCounter = state->deckCount[player];//Create holder for the deck count
  4501112:  575:    state->hand[player][count] = state->deck[player][deckCounter - 1];//Add card to the hand
  4501112:  576:    state->deckCount[player]--;
  4501112:  577:    state->handCount[player]++;//Increment hand count
        -:  578:  }
        -:  579:
  4501112:  580:  return 0;
        -:  581:}
        -:  582:
function getCost called 0 returned 0% blocks executed 0%
    #####:  583:int getCost(int cardNumber)
        -:  584:{
    #####:  585:  switch( cardNumber ) 
branch  0 never executed
branch  1 never executed
branch  2 never executed
branch  3 never executed
branch  4 never executed
branch  5 never executed
branch  6 never executed
branch  7 never executed
branch  8 never executed
branch  9 never executed
branch 10 never executed
branch 11 never executed
branch 12 never executed
branch 13 never executed
branch 14 never executed
branch 15 never executed
branch 16 never executed
branch 17 never executed
branch 18 never executed
branch 19 never executed
branch 20 never executed
branch 21 never executed
branch 22 never executed
branch 23 never executed
branch 24 never executed
branch 25 never executed
branch 26 never executed
branch 27 never executed
        -:  586:    {
        -:  587:    case curse:
    #####:  588:      return 0;
        -:  589:    case estate:
    #####:  590:      return 2;
        -:  591:    case duchy:
    #####:  592:      return 5;
        -:  593:    case province:
    #####:  594:      return 8;
        -:  595:    case copper:
    #####:  596:      return 0;
        -:  597:    case silver:
    #####:  598:      return 3;
        -:  599:    case gold:
    #####:  600:      return 6;
        -:  601:    case adventurer:
    #####:  602:      return 6;
        -:  603:    case council_room:
    #####:  604:      return 5;
        -:  605:    case feast:
    #####:  606:      return 4;
        -:  607:    case gardens:
    #####:  608:      return 4;
        -:  609:    case mine:
    #####:  610:      return 5;
        -:  611:    case remodel:
    #####:  612:      return 4;
        -:  613:    case smithy:
    #####:  614:      return 4;
        -:  615:    case village:
    #####:  616:      return 3;
        -:  617:    case baron:
    #####:  618:      return 4;
        -:  619:    case great_hall:
    #####:  620:      return 3;
        -:  621:    case minion:
    #####:  622:      return 5;
        -:  623:    case steward:
    #####:  624:      return 3;
        -:  625:    case tribute:
    #####:  626:      return 5;
        -:  627:    case ambassador:
    #####:  628:      return 3;
        -:  629:    case cutpurse:
    #####:  630:      return 4;
        -:  631:    case embargo: 
    #####:  632:      return 2;
        -:  633:    case outpost:
    #####:  634:      return 5;
        -:  635:    case salvager:
    #####:  636:      return 4;
        -:  637:    case sea_hag:
    #####:  638:      return 4;
        -:  639:    case treasure_map:
    #####:  640:      return 4;
        -:  641:    }
        -:  642:	
    #####:  643:  return -1;
        -:  644:}
        -:  645:
        -:  646://Added for Assignment 2: Refactor
function adventurer_card called 123456 returned 100% blocks executed 100%
   123456:  647:int adventurer_card(struct gameState *state) {
        -:  648:
   123456:  649:   int z = 0;
        -:  650:   int cardDrawn;
   123456:  651:   int drawntreasure = 0;
   123456:  652:   int currentPlayer = whoseTurn(state);
call    0 returned 100%
        -:  653:   int temphand[MAX_HAND];
        -:  654:
  2084663:  655:   while(drawntreasure<2){
branch  0 taken 94%
branch  1 taken 6% (fallthrough)
  1837751:  656:     if (state->deckCount[currentPlayer] <1){//if the deck is empty we need to shuffle discard and add to deck
branch  0 taken 1% (fallthrough)
branch  1 taken 99%
    20822:  657:       shuffle(currentPlayer, state);
call    0 returned 100%
        -:  658:     }
  1837751:  659:     drawCard(currentPlayer, state);
call    0 returned 100%
  1837751:  660:     cardDrawn = state->hand[currentPlayer][state->handCount[currentPlayer]-1];//top card of hand is most recently drawn card.
  1837751:  661:     if (cardDrawn == copper || cardDrawn == silver || cardDrawn == gold)
branch  0 taken 98% (fallthrough)
branch  1 taken 2%
branch  2 taken 98% (fallthrough)
branch  3 taken 2%
branch  4 taken 2% (fallthrough)
branch  5 taken 98%
        -:  662:       //drawntreasure++;
   123456:  663:       drawntreasure += 2; 		//BUG: increments by 2, not by 1.
        -:  664:     else{
  1714295:  665:       temphand[z]=cardDrawn;
  1714295:  666:       state->handCount[currentPlayer]--; //this should just remove the top card (the most recently drawn one).
  1714295:  667:       z++;
        -:  668:     }
        -:  669:   }
  1961207:  670:   while(z-1>=0){
branch  0 taken 93%
branch  1 taken 7% (fallthrough)
  1714295:  671:     state->discard[currentPlayer][state->discardCount[currentPlayer]++]=temphand[z-1]; // discard all cards in play that have been drawn
  1714295:  672:     z=z-1;
        -:  673:   }
   123456:  674:   return 0;
        -:  675:
        -:  676:}
        -:  677:
        -:  678://Added for Assignment 2: Refactor
function smithy_card called 123456 returned 100% blocks executed 100%
   123456:  679:int smithy_card (int handPos, struct gameState *state) {
        -:  680:
        -:  681:   int i;
   123456:  682:   int currentPlayer = whoseTurn(state);
call    0 returned 100%
        -:  683:
        -:  684:      //+3 Cards
        -:  685:   //for (i = 0; i < 3; i++)
   740736:  686:   for (i = 0; i < 5; i++) 		//BUG: Lets you draw five cards instead of three.
branch  0 taken 83%
branch  1 taken 17% (fallthrough)
        -:  687:     {
   617280:  688:       drawCard(currentPlayer, state);
call    0 returned 100%
        -:  689:     }
        -:  690:		     
        -:  691:   //discard card from hand
   123456:  692:   discardCard(handPos, currentPlayer, state, 0);
call    0 returned 100%
   123456:  693:   return 0;
        -:  694:
        -:  695:}
        -:  696:
        -:  697://Added for Assignment 2: refactor
function council_room_card called 0 returned 0% blocks executed 0%
    #####:  698:int council_room_card(int handPos, struct gameState *state) {
        -:  699:
        -:  700:   int i;
    #####:  701:   int currentPlayer = whoseTurn(state);
call    0 never executed
        -:  702:
        -:  703:   //+4 Cards
    #####:  704:   for (i = 0; i < 4; i++)
branch  0 never executed
branch  1 never executed
        -:  705:     {
    #####:  706:       drawCard(currentPlayer, state);
call    0 never executed
        -:  707:     }
        -:  708:		     
        -:  709:   //+1 Buy
        -:  710:   //state->numBuys++;			//BUG: Does not add another buy.
        -:  711:		     
        -:  712:   //Each other player draws a card
    #####:  713:   for (i = 0; i < state->numPlayers; i++)
branch  0 never executed
branch  1 never executed
        -:  714:     {
    #####:  715:       if ( i != currentPlayer )
branch  0 never executed
branch  1 never executed
        -:  716:	 {
    #####:  717:	   drawCard(i, state);
call    0 never executed
        -:  718:	 }
        -:  719:     }
        -:  720:		     
        -:  721:   //put played card in played card pile
    #####:  722:   discardCard(handPos, currentPlayer, state, 0);
call    0 never executed
        -:  723:		     
    #####:  724:   return 0;
        -:  725:}
        -:  726:
        -:  727://Added for assignment 2: Refactor
function great_hall_card called 123456 returned 100% blocks executed 100%
   123456:  728:int great_hall_card(int handPos, struct gameState *state) {
        -:  729:
   123456:  730:   int currentPlayer = whoseTurn(state);
call    0 returned 100%
        -:  731:
        -:  732:   //+1 Card
   123456:  733:   drawCard(currentPlayer, state);
call    0 returned 100%
        -:  734:		     
        -:  735:   //+1 Actions
   123456:  736:   state->numActions++;			//BUG: Does not add another action. (Removed for A4 to show that my tests work)
        -:  737:		     
        -:  738:   //discard card from hand
   123456:  739:   discardCard(handPos, currentPlayer, state, 0);
call    0 returned 100%
   123456:  740:   return 0;
        -:  741:
        -:  742:}
        -:  743:
        -:  744://Added for assignment 2: refactor
function village_card called 123456 returned 100% blocks executed 100%
   123456:  745:int village_card (int handPos, struct gameState *state) {
        -:  746:
   123456:  747:   int currentPlayer = whoseTurn(state);
call    0 returned 100%
        -:  748:
        -:  749:   //+1 Card
   123456:  750:   drawCard(currentPlayer, state);
call    0 returned 100%
        -:  751:		     
        -:  752:   //+2 Actions
   123456:  753:   state->numActions = state->numActions + 2;
        -:  754:		     
        -:  755:   //discard played card from hand
   123456:  756:   discardCard(handPos, currentPlayer, state, 0);
call    0 returned 100%
   123456:  757:   return 0;
        -:  758:}
        -:  759:
        -:  760:
function cardEffect called 370368 returned 100% blocks executed 7%
   370368:  761:int cardEffect(int card, int choice1, int choice2, int choice3, struct gameState *state, int handPos, int *bonus)
        -:  762:{
        -:  763:  int i;
        -:  764:  int j;
        -:  765:  int k;
        -:  766:  int x;
        -:  767:  int index;
   370368:  768:  int currentPlayer = whoseTurn(state);
call    0 returned 100%
   370368:  769:  int nextPlayer = currentPlayer + 1;
        -:  770:
   370368:  771:  int tributeRevealedCards[2] = {-1, -1};
        -:  772:  int temphand[MAX_HAND];// moved above the if statement
        -:  773:  //int drawntreasure=0;
        -:  774:  //int cardDrawn;
        -:  775:  //int z = 0;// this is the counter for the temp hand
   370368:  776:  if (nextPlayer > (state->numPlayers - 1)){
branch  0 taken 0% (fallthrough)
branch  1 taken 100%
    #####:  777:    nextPlayer = 0;
        -:  778:  }
        -:  779:  
        -:  780:	
        -:  781:  //uses switch to select card and perform actions
   370368:  782:  switch( card ) 
branch  0 taken 33%
branch  1 taken 0%
branch  2 taken 0%
branch  3 taken 0%
branch  4 taken 0%
branch  5 taken 0%
branch  6 taken 33%
branch  7 taken 0%
branch  8 taken 0%
branch  9 taken 33%
branch 10 taken 0%
branch 11 taken 0%
branch 12 taken 0%
branch 13 taken 0%
branch 14 taken 0%
branch 15 taken 0%
branch 16 taken 0%
branch 17 taken 0%
branch 18 taken 0%
branch 19 taken 0%
branch 20 taken 0%
        -:  783:    {
        -:  784:    case adventurer:
   123456:  785:       return adventurer_card(state);
call    0 returned 100%
        -:  786:      			
        -:  787:    case council_room:
    #####:  788:       return council_room_card(handPos, state);
call    0 never executed
        -:  789:			
        -:  790:    case feast:
        -:  791:      //gain card with cost up to 5
        -:  792:      //Backup hand
    #####:  793:      for (i = 0; i <= state->handCount[currentPlayer]; i++){
branch  0 never executed
branch  1 never executed
    #####:  794:	temphand[i] = state->hand[currentPlayer][i];//Backup card
    #####:  795:	state->hand[currentPlayer][i] = -1;//Set to nothing
        -:  796:      }
        -:  797:      //Backup hand
        -:  798:
        -:  799:      //Update Coins for Buy
    #####:  800:      updateCoins(currentPlayer, state, 5);
call    0 never executed
    #####:  801:      x = 1;//Condition to loop on
    #####:  802:      while( x == 1) {//Buy one card
branch  0 never executed
branch  1 never executed
    #####:  803:	if (supplyCount(choice1, state) <= 0){
call    0 never executed
branch  1 never executed
branch  2 never executed
        -:  804:	  if (DEBUG)
        -:  805:	    printf("None of that card left, sorry!\n");
        -:  806:
        -:  807:	  if (DEBUG){
        -:  808:	    printf("Cards Left: %d\n", supplyCount(choice1, state));
        -:  809:	  }
        -:  810:	}
    #####:  811:	else if (state->coins < getCost(choice1)){
call    0 never executed
branch  1 never executed
branch  2 never executed
    #####:  812:	  printf("That card is too expensive!\n");
call    0 never executed
        -:  813:
        -:  814:	  if (DEBUG){
        -:  815:	    printf("Coins: %d < %d\n", state->coins, getCost(choice1));
        -:  816:	  }
        -:  817:	}
        -:  818:	else{
        -:  819:
        -:  820:	  if (DEBUG){
        -:  821:	    printf("Deck Count: %d\n", state->handCount[currentPlayer] + state->deckCount[currentPlayer] + state->discardCount[currentPlayer]);
        -:  822:	  }
        -:  823:
    #####:  824:	  gainCard(choice1, state, 0, currentPlayer);//Gain the card
call    0 never executed
    #####:  825:	  x = 0;//No more buying cards
        -:  826:
        -:  827:	  if (DEBUG){
        -:  828:	    printf("Deck Count: %d\n", state->handCount[currentPlayer] + state->deckCount[currentPlayer] + state->discardCount[currentPlayer]);
        -:  829:	  }
        -:  830:
        -:  831:	}
        -:  832:      }     
        -:  833:
        -:  834:      //Reset Hand
    #####:  835:      for (i = 0; i <= state->handCount[currentPlayer]; i++){
branch  0 never executed
branch  1 never executed
    #####:  836:	state->hand[currentPlayer][i] = temphand[i];
    #####:  837:	temphand[i] = -1;
        -:  838:      }
        -:  839:      //Reset Hand
        -:  840:      			
    #####:  841:      return 0;
        -:  842:			
        -:  843:    case gardens:
    #####:  844:      return -1;
        -:  845:			
        -:  846:    case mine:
    #####:  847:      j = state->hand[currentPlayer][choice1];  //store card we will trash
        -:  848:
    #####:  849:      if (state->hand[currentPlayer][choice1] < copper || state->hand[currentPlayer][choice1] > gold)
branch  0 never executed
branch  1 never executed
branch  2 never executed
branch  3 never executed
        -:  850:	{
    #####:  851:	  return -1;
        -:  852:	}
        -:  853:		
    #####:  854:      if (choice2 > treasure_map || choice2 < curse)
branch  0 never executed
branch  1 never executed
branch  2 never executed
branch  3 never executed
        -:  855:	{
    #####:  856:	  return -1;
        -:  857:	}
        -:  858:
    #####:  859:      if ( (getCost(state->hand[currentPlayer][choice1]) + 3) > getCost(choice2) )
call    0 never executed
call    1 never executed
branch  2 never executed
branch  3 never executed
        -:  860:	{
    #####:  861:	  return -1;
        -:  862:	}
        -:  863:
    #####:  864:      gainCard(choice2, state, 2, currentPlayer);
call    0 never executed
        -:  865:
        -:  866:      //discard card from hand
    #####:  867:      discardCard(handPos, currentPlayer, state, 0);
call    0 never executed
        -:  868:
        -:  869:      //discard trashed card
    #####:  870:      for (i = 0; i < state->handCount[currentPlayer]; i++)
branch  0 never executed
branch  1 never executed
        -:  871:	{
    #####:  872:	  if (state->hand[currentPlayer][i] == j)
branch  0 never executed
branch  1 never executed
        -:  873:	    {
    #####:  874:	      discardCard(i, currentPlayer, state, 0);			
call    0 never executed
    #####:  875:	      break;
        -:  876:	    }
        -:  877:	}
        -:  878:			
    #####:  879:      return 0;
        -:  880:			
        -:  881:    case remodel:
    #####:  882:      j = state->hand[currentPlayer][choice1];  //store card we will trash
        -:  883:
    #####:  884:      if ( (getCost(state->hand[currentPlayer][choice1]) + 2) > getCost(choice2) )
call    0 never executed
call    1 never executed
branch  2 never executed
branch  3 never executed
        -:  885:	{
    #####:  886:	  return -1;
        -:  887:	}
        -:  888:
    #####:  889:      gainCard(choice2, state, 0, currentPlayer);
call    0 never executed
        -:  890:
        -:  891:      //discard card from hand
    #####:  892:      discardCard(handPos, currentPlayer, state, 0);
call    0 never executed
        -:  893:
        -:  894:      //discard trashed card
    #####:  895:      for (i = 0; i < state->handCount[currentPlayer]; i++)
branch  0 never executed
branch  1 never executed
        -:  896:	{
    #####:  897:	  if (state->hand[currentPlayer][i] == j)
branch  0 never executed
branch  1 never executed
        -:  898:	    {
    #####:  899:	      discardCard(i, currentPlayer, state, 0);			
call    0 never executed
    #####:  900:	      break;
        -:  901:	    }
        -:  902:	}
        -:  903:
        -:  904:
    #####:  905:      return 0;
        -:  906:		
        -:  907:    case smithy:
   123456:  908:      smithy_card(handPos, state);
call    0 returned 100%
        -:  909:		
        -:  910:    case village:
   123456:  911:      village_card(handPos, state);
call    0 returned 100%
        -:  912:		
        -:  913:    case baron:
   123456:  914:      state->numBuys++;//Increase buys by 1!
   123456:  915:      if (choice1 > 0){//Boolean true or going to discard an estate
branch  0 taken 0% (fallthrough)
branch  1 taken 100%
    #####:  916:	int p = 0;//Iterator for hand!
    #####:  917:	int card_not_discarded = 1;//Flag for discard set!
    #####:  918:	while(card_not_discarded){
branch  0 never executed
branch  1 never executed
    #####:  919:	  if (state->hand[currentPlayer][p] == estate){//Found an estate card!
branch  0 never executed
branch  1 never executed
    #####:  920:	    state->coins += 4;//Add 4 coins to the amount of coins
    #####:  921:	    state->discard[currentPlayer][state->discardCount[currentPlayer]] = state->hand[currentPlayer][p];
    #####:  922:	    state->discardCount[currentPlayer]++;
    #####:  923:	    for (;p < state->handCount[currentPlayer]; p++){
branch  0 never executed
branch  1 never executed
    #####:  924:	      state->hand[currentPlayer][p] = state->hand[currentPlayer][p+1];
        -:  925:	    }
    #####:  926:	    state->hand[currentPlayer][state->handCount[currentPlayer]] = -1;
    #####:  927:	    state->handCount[currentPlayer]--;
    #####:  928:	    card_not_discarded = 0;//Exit the loop
        -:  929:	  }
    #####:  930:	  else if (p > state->handCount[currentPlayer]){
branch  0 never executed
branch  1 never executed
        -:  931:	    if(DEBUG) {
        -:  932:	      printf("No estate cards in your hand, invalid choice\n");
        -:  933:	      printf("Must gain an estate if there are any\n");
        -:  934:	    }
    #####:  935:	    if (supplyCount(estate, state) > 0){
call    0 never executed
branch  1 never executed
branch  2 never executed
    #####:  936:	      gainCard(estate, state, 0, currentPlayer);
call    0 never executed
    #####:  937:	      state->supplyCount[estate]--;//Decrement estates
    #####:  938:	      if (supplyCount(estate, state) == 0){
call    0 never executed
branch  1 never executed
branch  2 never executed
    #####:  939:		isGameOver(state);
call    0 never executed
        -:  940:	      }
        -:  941:	    }
    #####:  942:	    card_not_discarded = 0;//Exit the loop
        -:  943:	  }
        -:  944:			    
        -:  945:	  else{
    #####:  946:	    p++;//Next card
        -:  947:	  }
        -:  948:	}
        -:  949:      }
        -:  950:			    
        -:  951:      else{
   123456:  952:	if (supplyCount(estate, state) > 0){
call    0 returned 100%
branch  1 taken 100% (fallthrough)
branch  2 taken 0%
   123456:  953:	  gainCard(estate, state, 0, currentPlayer);//Gain an estate
call    0 returned 100%
   123456:  954:	  state->supplyCount[estate]--;//Decrement Estates
   123456:  955:	  if (supplyCount(estate, state) == 0){
call    0 returned 100%
branch  1 taken 0% (fallthrough)
branch  2 taken 100%
    #####:  956:	    isGameOver(state);
call    0 never executed
        -:  957:	  }
        -:  958:	}
        -:  959:      }
        -:  960:	    
        -:  961:      
   123456:  962:      return 0;
        -:  963:		
        -:  964:    case great_hall:
   123456:  965:      return great_hall_card(handPos, state);
call    0 returned 100%
        -:  966:		
        -:  967:    case minion:
        -:  968:      //+1 action
    #####:  969:      state->numActions++;
        -:  970:			
        -:  971:      //discard card from hand
    #####:  972:      discardCard(handPos, currentPlayer, state, 0);
call    0 never executed
        -:  973:			
    #####:  974:      if (choice1)		//+2 coins
branch  0 never executed
branch  1 never executed
        -:  975:	{
    #####:  976:	  state->coins = state->coins + 2;
        -:  977:	}
        -:  978:			
    #####:  979:      else if (choice2)		//discard hand, redraw 4, other players with 5+ cards discard hand and draw 4
branch  0 never executed
branch  1 never executed
        -:  980:	{
        -:  981:	  //discard hand
    #####:  982:	  while(numHandCards(state) > 0)
call    0 never executed
branch  1 never executed
branch  2 never executed
        -:  983:	    {
    #####:  984:	      discardCard(handPos, currentPlayer, state, 0);
call    0 never executed
        -:  985:	    }
        -:  986:				
        -:  987:	  //draw 4
    #####:  988:	  for (i = 0; i < 4; i++)
branch  0 never executed
branch  1 never executed
        -:  989:	    {
    #####:  990:	      drawCard(currentPlayer, state);
call    0 never executed
        -:  991:	    }
        -:  992:				
        -:  993:	  //other players discard hand and redraw if hand size > 4
    #####:  994:	  for (i = 0; i < state->numPlayers; i++)
branch  0 never executed
branch  1 never executed
        -:  995:	    {
    #####:  996:	      if (i != currentPlayer)
branch  0 never executed
branch  1 never executed
        -:  997:		{
    #####:  998:		  if ( state->handCount[i] > 4 )
branch  0 never executed
branch  1 never executed
        -:  999:		    {
        -: 1000:		      //discard hand
    #####: 1001:		      while( state->handCount[i] > 0 )
branch  0 never executed
branch  1 never executed
        -: 1002:			{
    #####: 1003:			  discardCard(handPos, i, state, 0);
call    0 never executed
        -: 1004:			}
        -: 1005:							
        -: 1006:		      //draw 4
    #####: 1007:		      for (j = 0; j < 4; j++)
branch  0 never executed
branch  1 never executed
        -: 1008:			{
    #####: 1009:			  drawCard(i, state);
call    0 never executed
        -: 1010:			}
        -: 1011:		    }
        -: 1012:		}
        -: 1013:	    }
        -: 1014:				
        -: 1015:	}
    #####: 1016:      return 0;
        -: 1017:		
        -: 1018:    case steward:
    #####: 1019:      if (choice1 == 1)
branch  0 never executed
branch  1 never executed
        -: 1020:	{
        -: 1021:	  //+2 cards
    #####: 1022:	  drawCard(currentPlayer, state);
call    0 never executed
    #####: 1023:	  drawCard(currentPlayer, state);
call    0 never executed
        -: 1024:	}
    #####: 1025:      else if (choice1 == 2)
branch  0 never executed
branch  1 never executed
        -: 1026:	{
        -: 1027:	  //+2 coins
    #####: 1028:	  state->coins = state->coins + 2;
        -: 1029:	}
        -: 1030:      else
        -: 1031:	{
        -: 1032:	  //trash 2 cards in hand
    #####: 1033:	  discardCard(choice2, currentPlayer, state, 1);
call    0 never executed
    #####: 1034:	  discardCard(choice3, currentPlayer, state, 1);
call    0 never executed
        -: 1035:	}
        -: 1036:			
        -: 1037:      //discard card from hand
    #####: 1038:      discardCard(handPos, currentPlayer, state, 0);
call    0 never executed
    #####: 1039:      return 0;
        -: 1040:		
        -: 1041:    case tribute:
    #####: 1042:      if ((state->discardCount[nextPlayer] + state->deckCount[nextPlayer]) <= 1){
branch  0 never executed
branch  1 never executed
    #####: 1043:	if (state->deckCount[nextPlayer] > 0){
branch  0 never executed
branch  1 never executed
    #####: 1044:	  tributeRevealedCards[0] = state->deck[nextPlayer][state->deckCount[nextPlayer]-1];
    #####: 1045:	  state->deckCount[nextPlayer]--;
        -: 1046:	}
    #####: 1047:	else if (state->discardCount[nextPlayer] > 0){
branch  0 never executed
branch  1 never executed
    #####: 1048:	  tributeRevealedCards[0] = state->discard[nextPlayer][state->discardCount[nextPlayer]-1];
    #####: 1049:	  state->discardCount[nextPlayer]--;
        -: 1050:	}
        -: 1051:	else{
        -: 1052:	  //No Card to Reveal
        -: 1053:	  if (DEBUG){
        -: 1054:	    printf("No cards to reveal\n");
        -: 1055:	  }
        -: 1056:	}
        -: 1057:      }
        -: 1058:	    
        -: 1059:      else{
    #####: 1060:	if (state->deckCount[nextPlayer] == 0){
branch  0 never executed
branch  1 never executed
    #####: 1061:	  for (i = 0; i < state->discardCount[nextPlayer]; i++){
branch  0 never executed
branch  1 never executed
    #####: 1062:	    state->deck[nextPlayer][i] = state->discard[nextPlayer][i];//Move to deck
    #####: 1063:	    state->deckCount[nextPlayer]++;
    #####: 1064:	    state->discard[nextPlayer][i] = -1;
    #####: 1065:	    state->discardCount[nextPlayer]--;
        -: 1066:	  }
        -: 1067:			    
    #####: 1068:	  shuffle(nextPlayer,state);//Shuffle the deck
call    0 never executed
        -: 1069:	} 
    #####: 1070:	tributeRevealedCards[0] = state->deck[nextPlayer][state->deckCount[nextPlayer]-1];
    #####: 1071:	state->deck[nextPlayer][state->deckCount[nextPlayer]--] = -1;
    #####: 1072:	state->deckCount[nextPlayer]--;
    #####: 1073:	tributeRevealedCards[1] = state->deck[nextPlayer][state->deckCount[nextPlayer]-1];
    #####: 1074:	state->deck[nextPlayer][state->deckCount[nextPlayer]--] = -1;
    #####: 1075:	state->deckCount[nextPlayer]--;
        -: 1076:      }    
        -: 1077:		       
    #####: 1078:      if (tributeRevealedCards[0] == tributeRevealedCards[1]){//If we have a duplicate card, just drop one 
branch  0 never executed
branch  1 never executed
    #####: 1079:	state->playedCards[state->playedCardCount] = tributeRevealedCards[1];
    #####: 1080:	state->playedCardCount++;
    #####: 1081:	tributeRevealedCards[1] = -1;
        -: 1082:      }
        -: 1083:
    #####: 1084:      for (i = 0; i <= 2; i ++){
branch  0 never executed
branch  1 never executed
    #####: 1085:	if (tributeRevealedCards[i] == copper || tributeRevealedCards[i] == silver || tributeRevealedCards[i] == gold){//Treasure cards
branch  0 never executed
branch  1 never executed
branch  2 never executed
branch  3 never executed
branch  4 never executed
branch  5 never executed
    #####: 1086:	  state->coins += 2;
        -: 1087:	}
        -: 1088:		    
    #####: 1089:	else if (tributeRevealedCards[i] == estate || tributeRevealedCards[i] == duchy || tributeRevealedCards[i] == province || tributeRevealedCards[i] == gardens || tributeRevealedCards[i] == great_hall){//Victory Card Found
branch  0 never executed
branch  1 never executed
branch  2 never executed
branch  3 never executed
branch  4 never executed
branch  5 never executed
branch  6 never executed
branch  7 never executed
branch  8 never executed
branch  9 never executed
    #####: 1090:	  drawCard(currentPlayer, state);
call    0 never executed
    #####: 1091:	  drawCard(currentPlayer, state);
call    0 never executed
        -: 1092:	}
        -: 1093:	else{//Action Card
    #####: 1094:	  state->numActions = state->numActions + 2;
        -: 1095:	}
        -: 1096:      }
        -: 1097:	    
    #####: 1098:      return 0;
        -: 1099:		
        -: 1100:    case ambassador:
    #####: 1101:      j = 0;		//used to check if player has enough cards to discard
        -: 1102:
    #####: 1103:      if (choice2 > 2 || choice2 < 0)
branch  0 never executed
branch  1 never executed
branch  2 never executed
branch  3 never executed
        -: 1104:	{
    #####: 1105:	  return -1;				
        -: 1106:	}
        -: 1107:
    #####: 1108:      if (choice1 == handPos)
branch  0 never executed
branch  1 never executed
        -: 1109:	{
    #####: 1110:	  return -1;
        -: 1111:	}
        -: 1112:
    #####: 1113:      for (i = 0; i < state->handCount[currentPlayer]; i++)
branch  0 never executed
branch  1 never executed
        -: 1114:	{
    #####: 1115:	  if (i != handPos && i == state->hand[currentPlayer][choice1] && i != choice1)
branch  0 never executed
branch  1 never executed
branch  2 never executed
branch  3 never executed
branch  4 never executed
branch  5 never executed
        -: 1116:	    {
    #####: 1117:	      j++;
        -: 1118:	    }
        -: 1119:	}
    #####: 1120:      if (j < choice2)
branch  0 never executed
branch  1 never executed
        -: 1121:	{
    #####: 1122:	  return -1;				
        -: 1123:	}
        -: 1124:
        -: 1125:      if (DEBUG) 
        -: 1126:	printf("Player %d reveals card number: %d\n", currentPlayer, state->hand[currentPlayer][choice1]);
        -: 1127:
        -: 1128:      //increase supply count for choosen card by amount being discarded
    #####: 1129:      state->supplyCount[state->hand[currentPlayer][choice1]] += choice2;
        -: 1130:			
        -: 1131:      //each other player gains a copy of revealed card
    #####: 1132:      for (i = 0; i < state->numPlayers; i++)
branch  0 never executed
branch  1 never executed
        -: 1133:	{
    #####: 1134:	  if (i != currentPlayer)
branch  0 never executed
branch  1 never executed
        -: 1135:	    {
    #####: 1136:	      gainCard(state->hand[currentPlayer][choice1], state, 0, i);
call    0 never executed
        -: 1137:	    }
        -: 1138:	}
        -: 1139:
        -: 1140:      //discard played card from hand
    #####: 1141:      discardCard(handPos, currentPlayer, state, 0);			
call    0 never executed
        -: 1142:
        -: 1143:      //trash copies of cards returned to supply
    #####: 1144:      for (j = 0; j < choice2; j++)
branch  0 never executed
branch  1 never executed
        -: 1145:	{
    #####: 1146:	  for (i = 0; i < state->handCount[currentPlayer]; i++)
branch  0 never executed
branch  1 never executed
        -: 1147:	    {
    #####: 1148:	      if (state->hand[currentPlayer][i] == state->hand[currentPlayer][choice1])
branch  0 never executed
branch  1 never executed
        -: 1149:		{
    #####: 1150:		  discardCard(i, currentPlayer, state, 1);
call    0 never executed
    #####: 1151:		  break;
        -: 1152:		}
        -: 1153:	    }
        -: 1154:	}			
        -: 1155:
    #####: 1156:      return 0;
        -: 1157:		
        -: 1158:    case cutpurse:
        -: 1159:
    #####: 1160:      updateCoins(currentPlayer, state, 2);
call    0 never executed
    #####: 1161:      for (i = 0; i < state->numPlayers; i++)
branch  0 never executed
branch  1 never executed
        -: 1162:	{
    #####: 1163:	  if (i != currentPlayer)
branch  0 never executed
branch  1 never executed
        -: 1164:	    {
    #####: 1165:	      for (j = 0; j < state->handCount[i]; j++)
branch  0 never executed
branch  1 never executed
        -: 1166:		{
    #####: 1167:		  if (state->hand[i][j] == copper)
branch  0 never executed
branch  1 never executed
        -: 1168:		    {
    #####: 1169:		      discardCard(j, i, state, 0);
call    0 never executed
    #####: 1170:		      break;
        -: 1171:		    }
    #####: 1172:		  if (j == state->handCount[i])
branch  0 never executed
branch  1 never executed
        -: 1173:		    {
    #####: 1174:		      for (k = 0; k < state->handCount[i]; k++)
branch  0 never executed
branch  1 never executed
        -: 1175:			{
        -: 1176:			  if (DEBUG)
        -: 1177:			    printf("Player %d reveals card number %d\n", i, state->hand[i][k]);
        -: 1178:			}	
    #####: 1179:		      break;
        -: 1180:		    }		
        -: 1181:		}
        -: 1182:					
        -: 1183:	    }
        -: 1184:				
        -: 1185:	}				
        -: 1186:
        -: 1187:      //discard played card from hand
    #####: 1188:      discardCard(handPos, currentPlayer, state, 0);			
call    0 never executed
        -: 1189:
    #####: 1190:      return 0;
        -: 1191:
        -: 1192:		
        -: 1193:    case embargo: 
        -: 1194:      //+2 Coins
    #####: 1195:      state->coins = state->coins + 2;
        -: 1196:			
        -: 1197:      //see if selected pile is in play
    #####: 1198:      if ( state->supplyCount[choice1] == -1 )
branch  0 never executed
branch  1 never executed
        -: 1199:	{
    #####: 1200:	  return -1;
        -: 1201:	}
        -: 1202:			
        -: 1203:      //add embargo token to selected supply pile
    #####: 1204:      state->embargoTokens[choice1]++;
        -: 1205:			
        -: 1206:      //trash card
    #####: 1207:      discardCard(handPos, currentPlayer, state, 1);		
call    0 never executed
    #####: 1208:      return 0;
        -: 1209:		
        -: 1210:    case outpost:
        -: 1211:      //set outpost flag
    #####: 1212:      state->outpostPlayed++;
        -: 1213:			
        -: 1214:      //discard card
    #####: 1215:      discardCard(handPos, currentPlayer, state, 0);
call    0 never executed
    #####: 1216:      return 0;
        -: 1217:		
        -: 1218:    case salvager:
        -: 1219:      //+1 buy
    #####: 1220:      state->numBuys++;
        -: 1221:			
    #####: 1222:      if (choice1)
branch  0 never executed
branch  1 never executed
        -: 1223:	{
        -: 1224:	  //gain coins equal to trashed card
    #####: 1225:	  state->coins = state->coins + getCost( handCard(choice1, state) );
call    0 never executed
call    1 never executed
        -: 1226:	  //trash card
    #####: 1227:	  discardCard(choice1, currentPlayer, state, 1);	
call    0 never executed
        -: 1228:	}
        -: 1229:			
        -: 1230:      //discard card
    #####: 1231:      discardCard(handPos, currentPlayer, state, 0);
call    0 never executed
    #####: 1232:      return 0;
        -: 1233:		
        -: 1234:    case sea_hag:
    #####: 1235:      for (i = 0; i < state->numPlayers; i++){
branch  0 never executed
branch  1 never executed
    #####: 1236:	if (i != currentPlayer){
branch  0 never executed
branch  1 never executed
    #####: 1237:	  state->discard[i][state->discardCount[i]] = state->deck[i][state->deckCount[i]--];			    state->deckCount[i]--;
    #####: 1238:	  state->discardCount[i]++;
    #####: 1239:	  state->deck[i][state->deckCount[i]--] = curse;//Top card now a curse
        -: 1240:	}
        -: 1241:      }
    #####: 1242:      return 0;
        -: 1243:		
        -: 1244:    case treasure_map:
        -: 1245:      //search hand for another treasure_map
    #####: 1246:      index = -1;
    #####: 1247:      for (i = 0; i < state->handCount[currentPlayer]; i++)
branch  0 never executed
branch  1 never executed
        -: 1248:	{
    #####: 1249:	  if (state->hand[currentPlayer][i] == treasure_map && i != handPos)
branch  0 never executed
branch  1 never executed
branch  2 never executed
branch  3 never executed
        -: 1250:	    {
    #####: 1251:	      index = i;
    #####: 1252:	      break;
        -: 1253:	    }
        -: 1254:	}
    #####: 1255:      if (index > -1)
branch  0 never executed
branch  1 never executed
        -: 1256:	{
        -: 1257:	  //trash both treasure cards
    #####: 1258:	  discardCard(handPos, currentPlayer, state, 1);
call    0 never executed
    #####: 1259:	  discardCard(index, currentPlayer, state, 1);
call    0 never executed
        -: 1260:
        -: 1261:	  //gain 4 Gold cards
    #####: 1262:	  for (i = 0; i < 4; i++)
branch  0 never executed
branch  1 never executed
        -: 1263:	    {
    #####: 1264:	      gainCard(gold, state, 1, currentPlayer);
call    0 never executed
        -: 1265:	    }
        -: 1266:				
        -: 1267:	  //return success
    #####: 1268:	  return 1;
        -: 1269:	}
        -: 1270:			
        -: 1271:      //no second treasure_map found in hand
    #####: 1272:      return -1;
        -: 1273:    }
        -: 1274:	
    #####: 1275:  return -1;
        -: 1276:}
        -: 1277:
function discardCard called 370368 returned 100% blocks executed 100%
   370368: 1278:int discardCard(int handPos, int currentPlayer, struct gameState *state, int trashFlag)
        -: 1279:{
        -: 1280:	
        -: 1281:  //if card is not trashed, added to Played pile 
   370368: 1282:  if (trashFlag < 1)
branch  0 taken 100% (fallthrough)
branch  1 taken 0%
        -: 1283:    {
        -: 1284:      //add card to played pile
   370368: 1285:      state->playedCards[state->playedCardCount] = state->hand[currentPlayer][handPos]; 
   370368: 1286:      state->playedCardCount++;
        -: 1287:    }
        -: 1288:	
        -: 1289:  //set played card to -1
   370368: 1290:  state->hand[currentPlayer][handPos] = -1;
        -: 1291:	
        -: 1292:  //remove card from player's hand
   370368: 1293:  if ( handPos == (state->handCount[currentPlayer] - 1) ) 	//last card in hand array is played
branch  0 taken 1% (fallthrough)
branch  1 taken 99%
        -: 1294:    {
        -: 1295:      //reduce number of cards in hand
     1726: 1296:      state->handCount[currentPlayer]--;
        -: 1297:    }
   368642: 1298:  else if ( state->handCount[currentPlayer] == 1 ) //only one card in hand
branch  0 taken 1% (fallthrough)
branch  1 taken 99%
        -: 1299:    {
        -: 1300:      //reduce number of cards in hand
     2004: 1301:      state->handCount[currentPlayer]--;
        -: 1302:    }
        -: 1303:  else 	
        -: 1304:    {
        -: 1305:      //replace discarded card with last card in hand
   366638: 1306:      state->hand[currentPlayer][handPos] = state->hand[currentPlayer][ (state->handCount[currentPlayer] - 1)];
        -: 1307:      //set last card to -1
   366638: 1308:      state->hand[currentPlayer][state->handCount[currentPlayer] - 1] = -1;
        -: 1309:      //reduce number of cards in hand
   366638: 1310:      state->handCount[currentPlayer]--;
        -: 1311:    }
        -: 1312:	
   370368: 1313:  return 0;
        -: 1314:}
        -: 1315:
function gainCard called 123456 returned 100% blocks executed 70%
   123456: 1316:int gainCard(int supplyPos, struct gameState *state, int toFlag, int player)
        -: 1317:{
        -: 1318:  //Note: supplyPos is enum of choosen card
        -: 1319:	
        -: 1320:  //check if supply pile is empty (0) or card is not used in game (-1)
   123456: 1321:  if ( supplyCount(supplyPos, state) < 1 )
call    0 returned 100%
branch  1 taken 0% (fallthrough)
branch  2 taken 100%
        -: 1322:    {
    #####: 1323:      return -1;
        -: 1324:    }
        -: 1325:	
        -: 1326:  //added card for [whoseTurn] current player:
        -: 1327:  // toFlag = 0 : add to discard
        -: 1328:  // toFlag = 1 : add to deck
        -: 1329:  // toFlag = 2 : add to hand
        -: 1330:
   123456: 1331:  if (toFlag == 1)
branch  0 taken 0% (fallthrough)
branch  1 taken 100%
        -: 1332:    {
    #####: 1333:      state->deck[ player ][ state->deckCount[player] ] = supplyPos;
    #####: 1334:      state->deckCount[player]++;
        -: 1335:    }
   123456: 1336:  else if (toFlag == 2)
branch  0 taken 0% (fallthrough)
branch  1 taken 100%
        -: 1337:    {
    #####: 1338:      state->hand[ player ][ state->handCount[player] ] = supplyPos;
    #####: 1339:      state->handCount[player]++;
        -: 1340:    }
        -: 1341:  else
        -: 1342:    {
   123456: 1343:      state->discard[player][ state->discardCount[player] ] = supplyPos;
   123456: 1344:      state->discardCount[player]++;
        -: 1345:    }
        -: 1346:	
        -: 1347:  //decrease number in supply pile
   123456: 1348:  state->supplyCount[supplyPos]--;
        -: 1349:	 
   123456: 1350:  return 0;
        -: 1351:}
        -: 1352:
function updateCoins called 370368 returned 100% blocks executed 82%
   370368: 1353:int updateCoins(int player, struct gameState *state, int bonus)
        -: 1354:{
        -: 1355:  int i;
        -: 1356:	
        -: 1357:  //reset coin count
   370368: 1358:  state->coins = 0;
        -: 1359:
        -: 1360:  //add coins for each Treasure card in player's hand
  2222208: 1361:  for (i = 0; i < state->handCount[player]; i++)
branch  0 taken 83%
branch  1 taken 17% (fallthrough)
        -: 1362:    {
  1851840: 1363:      if (state->hand[player][i] == copper)
branch  0 taken 80% (fallthrough)
branch  1 taken 20%
        -: 1364:	{
  1481472: 1365:	  state->coins += 1;
        -: 1366:	}
   370368: 1367:      else if (state->hand[player][i] == silver)
branch  0 taken 0% (fallthrough)
branch  1 taken 100%
        -: 1368:	{
    #####: 1369:	  state->coins += 2;
        -: 1370:	}
   370368: 1371:      else if (state->hand[player][i] == gold)
branch  0 taken 0% (fallthrough)
branch  1 taken 100%
        -: 1372:	{
    #####: 1373:	  state->coins += 3;
        -: 1374:	}	
        -: 1375:    }	
        -: 1376:
        -: 1377:  //add bonus
   370368: 1378:  state->coins += bonus;
        -: 1379:
   370368: 1380:  return 0;
        -: 1381:}
        -: 1382:
        -: 1383:
        -: 1384://end of dominion.c
        -: 1385:
